samples/HelloWorld/build/outputs/apk/manifest-merger-debug-report.txt
-- Merging decision tree log ---
manifest
ADDED from AndroidManifest.xml:2:1
	package
		ADDED from AndroidManifest.xml:3:5
	android:versionName
		INJECTED from AndroidManifest.xml:0:0
		INJECTED from AndroidManifest.xml:0:0
	xmlns:android
		ADDED from AndroidManifest.xml:2:11
	android:versionCode
		INJECTED from AndroidManifest.xml:0:0
		INJECTED from AndroidManifest.xml:0:0
uses-feature#android.hardware.bluetooth_le
ADDED from AndroidManifest.xml:5:5
	android:required
		ADDED from AndroidManifest.xml:7:9
	android:name
		ADDED from AndroidManifest.xml:6:9
application
ADDED from AndroidManifest.xml:9:5
MERGED from com.thalmic:myosdk:0.10.0:15:5
	android:label
		ADDED from AndroidManifest.xml:12:9
	android:allowBackup
		ADDED from AndroidManifest.xml:10:9
	android:icon
		ADDED from AndroidManifest.xml:11:9
activity#com.thalmic.android.sample.helloworld.HelloWorldActivity
ADDED from AndroidManifest.xml:14:9
	android:label
		ADDED from AndroidManifest.xml:16:13
	android:name
		ADDED from AndroidManifest.xml:15:13
intent-filter#android.intent.action.MAIN+android.intent.category.LAUNCHER
ADDED from AndroidManifest.xml:17:13
action#android.intent.action.MAIN
ADDED from AndroidManifest.xml:18:17
	android:name
		ADDED from AndroidManifest.xml:18:25
category#android.intent.category.LAUNCHER
ADDED from AndroidManifest.xml:20:17
	android:name
		ADDED from AndroidManifest.xml:20:27
uses-sdk
INJECTED from AndroidManifest.xml:0:0 reason: use-sdk injection requested
MERGED from com.getpebble:pebblekit:3.0.0:7:5
MERGED from com.thalmic:myosdk:0.10.0:7:5
	android:targetSdkVersion
		INJECTED from AndroidManifest.xml:0:0
		INJECTED from AndroidManifest.xml:0:0
	android:minSdkVersion
		INJECTED from AndroidManifest.xml:0:0
		INJECTED from AndroidManifest.xml:0:0
uses-permission#android.permission.BLUETOOTH
ADDED from com.thalmic:myosdk:0.10.0:11:5
	android:name
		ADDED from com.thalmic:myosdk:0.10.0:11:22
uses-permission#android.permission.BLUETOOTH_ADMIN
ADDED from com.thalmic:myosdk:0.10.0:12:5
	android:name
		ADDED from com.thalmic:myosdk:0.10.0:12:22
uses-permission#android.permission.INTERNET
ADDED from com.thalmic:myosdk:0.10.0:13:5
	android:name
		ADDED from com.thalmic:myosdk:0.10.0:13:22
activity#com.thalmic.myo.scanner.ScanActivity
ADDED from com.thalmic:myosdk:0.10.0:16:9
	android:label
		ADDED from com.thalmic:myosdk:0.10.0:18:13
	android:theme
		ADDED from com.thalmic:myosdk:0.10.0:19:13
	android:name
		ADDED from com.thalmic:myosdk:0.10.0:17:13